#
# There is insufficient memory for the Java Runtime Environment to continue.
# Native memory allocation (malloc) failed to allocate 878976 bytes for Chunk::new
# Possible reasons:
#   The system is out of physical RAM or swap space
#   In 32 bit mode, the process size limit was hit
# Possible solutions:
#   Reduce memory load on the system
#   Increase physical memory or swap space
#   Check if swap backing store is full
#   Use 64 bit Java on a 64 bit OS
#   Decrease Java heap size (-Xmx/-Xms)
#   Decrease number of Java threads
#   Decrease Java thread stack sizes (-Xss)
#   Set larger code cache with -XX:ReservedCodeCacheSize=
# This output file may be truncated or incomplete.
#
#  Out of Memory Error (allocation.cpp:390), pid=14404, tid=0x000000000000342c
#
# JRE version: Java(TM) SE Runtime Environment (8.0_131-b11) (build 1.8.0_131-b11)
# Java VM: Java HotSpot(TM) 64-Bit Server VM (25.131-b11 mixed mode windows-amd64 compressed oops)
# Failed to write core dump. Minidumps are not enabled by default on client versions of Windows
#

---------------  T H R E A D  ---------------

Current thread (0x000000001820d800):  JavaThread "C2 CompilerThread1" daemon [_thread_in_native, id=13356, stack(0x0000000019c20000,0x0000000019d20000)]

Stack: [0x0000000019c20000,0x0000000019d20000]
[error occurred during error reporting (printing stack bounds), id 0xc0000005]

Native frames: (J=compiled Java code, j=interpreted, Vv=VM code, C=native code)


Current CompileTask:
C2:  12842 9899       4       com.android.tools.r8.ir.conversion.N::a (866 bytes)


---------------  P R O C E S S  ---------------

Java Threads: ( => current thread )
  0x000000001c52c800 JavaThread "WorkerExecutor Queue" [_thread_blocked, id=16428, stack(0x000000002ab50000,0x000000002ac50000)]
  0x000000001ab2d800 JavaThread "Cache worker for execution history cache (D:\AndroidWLW\ESPColor\.gradle\6.5\executionHistory)" [_thread_blocked, id=3108, stack(0x000000002a650000,0x000000002a750000)]
  0x000000001ab2d000 JavaThread "Execution worker for ':' Thread 3" [_thread_blocked, id=18472, stack(0x000000002a550000,0x000000002a650000)]
  0x000000001ab32800 JavaThread "Execution worker for ':' Thread 2" [_thread_blocked, id=14808, stack(0x000000002a450000,0x000000002a550000)]
  0x000000001ab30000 JavaThread "Execution worker for ':'" [_thread_blocked, id=12072, stack(0x000000002a350000,0x000000002a450000)]
  0x000000001ab31000 JavaThread "Cache worker for file content cache (D:\AndroidWLW\ESPColor\.gradle\6.5\fileContent)" [_thread_blocked, id=18900, stack(0x0000000028cb0000,0x0000000028db0000)]
  0x000000001ab2f000 JavaThread "Memory manager" [_thread_blocked, id=4364, stack(0x0000000029e50000,0x0000000029f50000)]
  0x000000001ab2e800 JavaThread "Cache worker for Build Output Cleanup Cache (D:\AndroidWLW\ESPColor\.gradle\buildOutputCleanup)" [_thread_blocked, id=9908, stack(0x0000000026880000,0x0000000026980000)]
  0x000000001ab31800 JavaThread "jar transforms Thread 92" [_thread_blocked, id=12372, stack(0x00000000287b0000,0x00000000288b0000)]
  0x000000001ab25800 JavaThread "jar transforms Thread 91" [_thread_blocked, id=13152, stack(0x00000000286b0000,0x00000000287b0000)]
  0x000000001ab2c000 JavaThread "jar transforms Thread 90" [_thread_blocked, id=6320, stack(0x00000000285b0000,0x00000000286b0000)]
  0x000000001ab2b800 JavaThread "jar transforms Thread 89" [_thread_blocked, id=18220, stack(0x00000000284b0000,0x00000000285b0000)]
  0x000000001ab24800 JavaThread "jar transforms Thread 88" [_thread_blocked, id=10256, stack(0x00000000283b0000,0x00000000284b0000)]
  0x000000001ab29000 JavaThread "jar transforms Thread 87" [_thread_blocked, id=4596, stack(0x00000000282b0000,0x00000000283b0000)]
  0x000000001ab24000 JavaThread "jar transforms Thread 86" [_thread_blocked, id=6704, stack(0x00000000281b0000,0x00000000282b0000)]
  0x000000001ab2a000 JavaThread "jar transforms Thread 85" [_thread_blocked, id=11216, stack(0x00000000280b0000,0x00000000281b0000)]
  0x000000001ab28800 JavaThread "jar transforms Thread 84" [_thread_blocked, id=7916, stack(0x0000000027fb0000,0x00000000280b0000)]
  0x000000001ab27800 JavaThread "jar transforms Thread 83" [_thread_blocked, id=15316, stack(0x0000000027eb0000,0x0000000027fb0000)]
  0x000000001ab27000 JavaThread "jar transforms Thread 82" [_thread_blocked, id=15132, stack(0x0000000027db0000,0x0000000027eb0000)]
  0x000000001ab26000 JavaThread "jar transforms Thread 81" [_thread_blocked, id=13036, stack(0x0000000027cb0000,0x0000000027db0000)]
  0x000000001ab2a800 JavaThread "jar transforms Thread 80" [_thread_blocked, id=3752, stack(0x0000000027bb0000,0x0000000027cb0000)]
  0x000000001ab23000 JavaThread "jar transforms Thread 79" [_thread_blocked, id=3244, stack(0x0000000027ab0000,0x0000000027bb0000)]
  0x000000001af5a000 JavaThread "jar transforms Thread 78" [_thread_blocked, id=20340, stack(0x00000000279b0000,0x0000000027ab0000)]
  0x000000001af59000 JavaThread "jar transforms Thread 77" [_thread_blocked, id=14296, stack(0x00000000278b0000,0x00000000279b0000)]
  0x000000001af5a800 JavaThread "jar transforms Thread 76" [_thread_blocked, id=16640, stack(0x00000000277b0000,0x00000000278b0000)]
  0x000000001af58800 JavaThread "jar transforms Thread 75" [_thread_blocked, id=12876, stack(0x00000000276b0000,0x00000000277b0000)]
  0x000000001af57800 JavaThread "jar transforms Thread 74" [_thread_blocked, id=19640, stack(0x00000000275b0000,0x00000000276b0000)]
  0x000000001af56000 JavaThread "jar transforms Thread 73" [_thread_blocked, id=3968, stack(0x00000000274b0000,0x00000000275b0000)]
  0x000000001af57000 JavaThread "jar transforms Thread 72" [_thread_blocked, id=7040, stack(0x00000000273b0000,0x00000000274b0000)]
  0x000000001af55800 JavaThread "jar transforms Thread 71" [_thread_blocked, id=8796, stack(0x00000000272b0000,0x00000000273b0000)]
  0x000000001af4d800 JavaThread "jar transforms Thread 70" [_thread_blocked, id=7216, stack(0x00000000271b0000,0x00000000272b0000)]
  0x000000001af54800 JavaThread "jar transforms Thread 69" [_thread_blocked, id=13640, stack(0x00000000270b0000,0x00000000271b0000)]
  0x000000001af4d000 JavaThread "jar transforms Thread 68" [_thread_blocked, id=14108, stack(0x0000000026fb0000,0x00000000270b0000)]
  0x000000001af53800 JavaThread "jar transforms Thread 67" [_thread_blocked, id=16588, stack(0x0000000026eb0000,0x0000000026fb0000)]
  0x000000001af4f000 JavaThread "jar transforms Thread 66" [_thread_blocked, id=17916, stack(0x0000000026db0000,0x0000000026eb0000)]
  0x000000001af4c000 JavaThread "jar transforms Thread 65" [_thread_blocked, id=19596, stack(0x0000000026cb0000,0x0000000026db0000)]
  0x000000001af53000 JavaThread "jar transforms Thread 64" [_thread_blocked, id=13544, stack(0x0000000026bb0000,0x0000000026cb0000)]
  0x000000001af4b800 JavaThread "jar transforms Thread 63" [_thread_blocked, id=17180, stack(0x0000000026ab0000,0x0000000026bb0000)]
  0x000000001af50800 JavaThread "jar transforms Thread 62" [_thread_blocked, id=3164, stack(0x00000000269b0000,0x0000000026ab0000)]
  0x000000001af52000 JavaThread "jar transforms Thread 61" [_thread_blocked, id=19444, stack(0x0000000024260000,0x0000000024360000)]
  0x000000001af51800 JavaThread "jar transforms Thread 60" [_thread_blocked, id=3848, stack(0x0000000026780000,0x0000000026880000)]
  0x000000001af50000 JavaThread "jar transforms Thread 59" [_thread_blocked, id=7716, stack(0x0000000022d50000,0x0000000022e50000)]
  0x000000001af4e800 JavaThread "jar transforms Thread 58" [_thread_blocked, id=18252, stack(0x0000000022c50000,0x0000000022d50000)]
  0x000000001a588000 JavaThread "jar transforms Thread 57" [_thread_blocked, id=18500, stack(0x0000000022b50000,0x0000000022c50000)]
  0x000000001a586800 JavaThread "jar transforms Thread 56" [_thread_blocked, id=1332, stack(0x0000000022a50000,0x0000000022b50000)]
  0x000000001a585800 JavaThread "jar transforms Thread 55" [_thread_blocked, id=6984, stack(0x0000000026680000,0x0000000026780000)]
  0x000000001a585000 JavaThread "jar transforms Thread 54" [_thread_blocked, id=14656, stack(0x0000000026580000,0x0000000026680000)]
  0x000000001a584000 JavaThread "jar transforms Thread 53" [_thread_blocked, id=2532, stack(0x0000000026480000,0x0000000026580000)]
  0x000000001a588800 JavaThread "jar transforms Thread 52" [_thread_blocked, id=14652, stack(0x0000000026380000,0x0000000026480000)]
  0x000000001a587000 JavaThread "jar transforms Thread 51" [_thread_blocked, id=15752, stack(0x0000000026280000,0x0000000026380000)]
  0x000000001a583800 JavaThread "jar transforms Thread 50" [_thread_blocked, id=20276, stack(0x0000000026180000,0x0000000026280000)]
  0x000000001a57c000 JavaThread "jar transforms Thread 49" [_thread_blocked, id=8660, stack(0x0000000026080000,0x0000000026180000)]
  0x000000001a582800 JavaThread "jar transforms Thread 48" [_thread_blocked, id=7004, stack(0x0000000025f80000,0x0000000026080000)]
  0x000000001a57b000 JavaThread "jar transforms Thread 47" [_thread_blocked, id=7008, stack(0x0000000025e80000,0x0000000025f80000)]
  0x000000001a582000 JavaThread "jar transforms Thread 46" [_thread_blocked, id=5128, stack(0x0000000025d80000,0x0000000025e80000)]
  0x000000001a57f000 JavaThread "jar transforms Thread 45" [_thread_blocked, id=6996, stack(0x0000000025c80000,0x0000000025d80000)]
  0x000000001a57a800 JavaThread "jar transforms Thread 44" [_thread_blocked, id=7048, stack(0x0000000025b80000,0x0000000025c80000)]
  0x000000001a581000 JavaThread "jar transforms Thread 43" [_thread_blocked, id=6988, stack(0x0000000025a80000,0x0000000025b80000)]
  0x000000001a579800 JavaThread "jar transforms Thread 42" [_thread_blocked, id=6884, stack(0x0000000025980000,0x0000000025a80000)]
  0x000000001a57e000 JavaThread "jar transforms Thread 41" [_thread_blocked, id=11300, stack(0x0000000025880000,0x0000000025980000)]
  0x000000001a57d800 JavaThread "jar transforms Thread 40" [_thread_blocked, id=15488, stack(0x0000000025780000,0x0000000025880000)]
  0x000000001a580800 JavaThread "jar transforms Thread 39" [_thread_blocked, id=21304, stack(0x0000000025680000,0x0000000025780000)]
  0x000000001a57c800 JavaThread "jar transforms Thread 38" [_thread_blocked, id=12728, stack(0x0000000025580000,0x0000000025680000)]
  0x000000001a57f800 JavaThread "jar transforms Thread 37" [_thread_blocked, id=16416, stack(0x0000000025480000,0x0000000025580000)]
  0x000000001aa90000 JavaThread "jar transforms Thread 36" [_thread_blocked, id=3412, stack(0x0000000025380000,0x0000000025480000)]
  0x000000001aa8e800 JavaThread "jar transforms Thread 35" [_thread_blocked, id=10880, stack(0x0000000025280000,0x0000000025380000)]
  0x000000001aa8f000 JavaThread "jar transforms Thread 34" [_thread_blocked, id=8748, stack(0x0000000025180000,0x0000000025280000)]
  0x000000001aa87000 JavaThread "jar transforms Thread 33" [_thread_blocked, id=13136, stack(0x0000000025080000,0x0000000025180000)]
  0x000000001aa8d800 JavaThread "jar transforms Thread 32" [_thread_blocked, id=5188, stack(0x0000000024f80000,0x0000000025080000)]
  0x000000001aa8d000 JavaThread "jar transforms Thread 31" [_thread_blocked, id=16932, stack(0x0000000024e80000,0x0000000024f80000)]
  0x000000001aa8b800 JavaThread "jar transforms Thread 30" [_thread_blocked, id=20200, stack(0x0000000024d80000,0x0000000024e80000)]
  0x000000001aa8c000 JavaThread "jar transforms Thread 29" [_thread_blocked, id=15604, stack(0x0000000024c80000,0x0000000024d80000)]
  0x000000001aa8a800 JavaThread "jar transforms Thread 28" [_thread_blocked, id=13116, stack(0x0000000024b80000,0x0000000024c80000)]
  0x000000001aa84000 JavaThread "jar transforms Thread 27" [_thread_blocked, id=3936, stack(0x0000000024a80000,0x0000000024b80000)]
  0x000000001aa86000 JavaThread "jar transforms Thread 26" [_thread_blocked, id=9896, stack(0x0000000024980000,0x0000000024a80000)]
  0x000000001aa85800 JavaThread "jar transforms Thread 25" [_thread_blocked, id=13812, stack(0x0000000024880000,0x0000000024980000)]
  0x000000001aa83000 JavaThread "jar transforms Thread 24" [_thread_blocked, id=17828, stack(0x0000000024780000,0x0000000024880000)]
  0x000000001aa89000 JavaThread "jar transforms Thread 23" [_thread_blocked, id=2400, stack(0x0000000024680000,0x0000000024780000)]
  0x000000001aa8a000 JavaThread "jar transforms Thread 22" [_thread_blocked, id=9132, stack(0x0000000024580000,0x0000000024680000)]
  0x000000001aa88800 JavaThread "jar transforms Thread 21" [_thread_blocked, id=20452, stack(0x0000000024480000,0x0000000024580000)]
  0x000000001aa84800 JavaThread "jar transforms Thread 20" [_thread_blocked, id=16836, stack(0x0000000024380000,0x0000000024480000)]
  0x000000001aa81800 JavaThread "jar transforms Thread 19" [_thread_blocked, id=3828, stack(0x0000000024160000,0x0000000024260000)]
  0x000000001aa81000 JavaThread "jar transforms Thread 18" [_thread_blocked, id=17888, stack(0x0000000024060000,0x0000000024160000)]
  0x000000001aa82800 JavaThread "jar transforms Thread 17" [_thread_blocked, id=20472, stack(0x0000000023f60000,0x0000000024060000)]
  0x000000001aa87800 JavaThread "jar transforms Thread 16" [_thread_blocked, id=13432, stack(0x0000000023e60000,0x0000000023f60000)]
  0x000000001be3b800 JavaThread "jar transforms Thread 15" [_thread_blocked, id=12452, stack(0x0000000023d60000,0x0000000023e60000)]
  0x000000001be34000 JavaThread "jar transforms Thread 14" [_thread_blocked, id=17940, stack(0x0000000023c60000,0x0000000023d60000)]
  0x000000001be39800 JavaThread "jar transforms Thread 13" [_thread_blocked, id=20060, stack(0x0000000023b60000,0x0000000023c60000)]
  0x000000001be3b000 JavaThread "jar transforms Thread 12" [_thread_blocked, id=18516, stack(0x0000000023a60000,0x0000000023b60000)]
  0x000000001be38800 JavaThread "jar transforms Thread 11" [_thread_blocked, id=8152, stack(0x0000000023960000,0x0000000023a60000)]
  0x000000001be37000 JavaThread "jar transforms Thread 10" [_thread_blocked, id=2548, stack(0x0000000023860000,0x0000000023960000)]
  0x000000001be38000 JavaThread "jar transforms Thread 9" [_thread_blocked, id=13876, stack(0x0000000023760000,0x0000000023860000)]
  0x000000001be35000 JavaThread "jar transforms Thread 8" [_thread_blocked, id=11296, stack(0x0000000023660000,0x0000000023760000)]
  0x000000001be36800 JavaThread "jar transforms Thread 7" [_thread_blocked, id=5560, stack(0x0000000023560000,0x0000000023660000)]
  0x000000001be35800 JavaThread "jar transforms Thread 6" [_thread_blocked, id=20488, stack(0x0000000023460000,0x0000000023560000)]
  0x000000001be3a000 JavaThread "jar transforms Thread 5" [_thread_blocked, id=2356, stack(0x0000000023360000,0x0000000023460000)]
  0x000000001be2c800 JavaThread "jar transforms Thread 4" [_thread_blocked, id=1692, stack(0x0000000023260000,0x0000000023360000)]
  0x000000001be33800 JavaThread "jar transforms Thread 3" [_thread_blocked, id=19424, stack(0x0000000023160000,0x0000000023260000)]
  0x000000001be32800 JavaThread "jar transforms Thread 2" [_thread_blocked, id=8864, stack(0x0000000023060000,0x0000000023160000)]
  0x000000001be30800 JavaThread "Build operations Thread 4" [_thread_in_native, id=20608, stack(0x0000000022f60000,0x0000000023060000)]
  0x000000001be32000 JavaThread "Build operations Thread 3" [_thread_in_Java, id=10200, stack(0x0000000022e60000,0x0000000022f60000)]
  0x000000001be2f800 JavaThread "Build operations Thread 2" [_thread_blocked, id=15236, stack(0x0000000022950000,0x0000000022a50000)]
  0x000000001be2f000 JavaThread "Build operations" [_thread_in_native, id=6900, stack(0x0000000022850000,0x0000000022950000)]
  0x000000001be2d800 JavaThread "Cache worker for file content cache (C:\Users\zzc01\.gradle\caches\6.5\fileContent)" [_thread_blocked, id=6024, stack(0x0000000021970000,0x0000000021a70000)]
  0x000000001bc29800 JavaThread "jar transforms" [_thread_blocked, id=21300, stack(0x0000000020830000,0x0000000020930000)]
  0x000000001bc2a800 JavaThread "Cache worker for execution history cache (C:\Users\zzc01\.gradle\caches\6.5\executionHistory)" [_thread_blocked, id=11816, stack(0x0000000020730000,0x0000000020830000)]
  0x000000001bc27800 JavaThread "Cache worker for cache directory md-rule (C:\Users\zzc01\.gradle\caches\6.5\md-rule)" [_thread_blocked, id=2972, stack(0x0000000020630000,0x0000000020730000)]
  0x000000001bc29000 JavaThread "Cache worker for cache directory md-supplier (C:\Users\zzc01\.gradle\caches\6.5\md-supplier)" [_thread_blocked, id=7588, stack(0x0000000020530000,0x0000000020630000)]
  0x000000001bc28000 JavaThread "Cache worker for checksums cache (D:\AndroidWLW\ESPColor\.gradle\checksums)" [_thread_blocked, id=2540, stack(0x0000000020430000,0x0000000020530000)]
  0x000000001bc2c000 JavaThread "Cache worker for file hash cache (D:\AndroidWLW\ESPColor\.gradle\6.5\fileHashes)" [_thread_blocked, id=11724, stack(0x0000000021b50000,0x0000000021c50000)]
  0x000000001bc2d800 JavaThread "Cache worker for file hash cache (C:\Users\zzc01\.gradle\caches\6.5\fileHashes)" [_thread_blocked, id=21376, stack(0x000000001dd90000,0x000000001de90000)]
  0x000000001bc2b000 JavaThread "File lock request listener" [_thread_in_native, id=16628, stack(0x000000001dc90000,0x000000001dd90000)]
  0x000000001bc2c800 JavaThread "Cache worker for journal cache (C:\Users\zzc01\.gradle\caches\journal-1)" [_thread_blocked, id=14704, stack(0x000000001da90000,0x000000001db90000)]
  0x000000001bc26800 JavaThread "Thread-9" [_thread_blocked, id=12340, stack(0x000000001d790000,0x000000001d890000)]
  0x000000001bb28000 JavaThread "Stdin handler" [_thread_blocked, id=8184, stack(0x000000001d690000,0x000000001d790000)]
  0x000000001baed800 JavaThread "Asynchronous log dispatcher for DefaultDaemonConnection: socket connection from /127.0.0.1:49425 to /127.0.0.1:49426" [_thread_blocked, id=11472, stack(0x000000001d590000,0x000000001d690000)]
  0x000000001baf3000 JavaThread "Daemon worker" [_thread_blocked, id=17872, stack(0x000000001d490000,0x000000001d590000)]
  0x000000001baf1800 JavaThread "Cancel handler" [_thread_blocked, id=12136, stack(0x000000001d390000,0x000000001d490000)]
  0x000000001bad8000 JavaThread "Handler for socket connection from /127.0.0.1:49425 to /127.0.0.1:49426" [_thread_in_native, id=19820, stack(0x000000001d290000,0x000000001d390000)]
  0x000000001bad4800 JavaThread "Daemon" [_thread_blocked, id=6392, stack(0x000000001d190000,0x000000001d290000)]
  0x000000001bab2800 JavaThread "Daemon periodic checks" [_thread_blocked, id=920, stack(0x000000001ce90000,0x000000001cf90000)]
  0x000000001ba9f000 JavaThread "Incoming local TCP Connector on port 49425" [_thread_in_native, id=19736, stack(0x000000001cce0000,0x000000001cde0000)]
  0x0000000019901000 JavaThread "Daemon health stats" [_thread_blocked, id=11664, stack(0x000000001c7c0000,0x000000001c8c0000)]
  0x00000000195b6000 JavaThread "Service Thread" daemon [_thread_blocked, id=20040, stack(0x0000000019e20000,0x0000000019f20000)]
  0x0000000019538800 JavaThread "C1 CompilerThread2" daemon [_thread_blocked, id=15296, stack(0x0000000019d20000,0x0000000019e20000)]
=>0x000000001820d800 JavaThread "C2 CompilerThread1" daemon [_thread_in_native, id=13356, stack(0x0000000019c20000,0x0000000019d20000)]
  0x000000001820a000 JavaThread "C2 CompilerThread0" daemon [_thread_in_native, id=19896, stack(0x0000000019b20000,0x0000000019c20000)]
  0x00000000181bd000 JavaThread "Attach Listener" daemon [_thread_blocked, id=20812, stack(0x0000000019a20000,0x0000000019b20000)]
  0x00000000181bc000 JavaThread "Signal Dispatcher" daemon [_thread_blocked, id=2324, stack(0x0000000019920000,0x0000000019a20000)]
  0x0000000018199800 JavaThread "Finalizer" daemon [_thread_blocked, id=12168, stack(0x0000000019410000,0x0000000019510000)]
  0x0000000003581000 JavaThread "Reference Handler" daemon [_thread_blocked, id=6496, stack(0x0000000019310000,0x0000000019410000)]
  0x000000000348d800 JavaThread "main" [_thread_blocked, id=5164, stack(0x0000000003320000,0x0000000003420000)]

Other Threads:
  0x0000000018177800 VMThread [stack: 0x0000000019210000,0x0000000019310000] [id=17848]
  0x00000000195cf800 WatcherThread [stack: 0x0000000019f20000,0x000000001a020000] [id=11708]

VM state:not at safepoint (normal execution)

VM Mutex/Monitor currently owned by a thread:  ([mutex/lock_event])
[0x000000000348c5b0] CodeCache_lock - owner thread: 0x0000000019538800
[0x0000000003491ed0] Compile_lock - owner thread: 0x0000000019538800

Heap:
 PSYoungGen      total 287744K, used 73376K [0x00000000d5580000, 0x00000000eab80000, 0x0000000100000000)
  eden space 263168K, 18% used [0x00000000d5580000,0x00000000d85299f8,0x00000000e5680000)
  from space 24576K, 99% used [0x00000000e7b00000,0x00000000e92fe900,0x00000000e9300000)
  to   space 37376K, 0% used [0x00000000e5680000,0x00000000e5680000,0x00000000e7b00000)
 ParOldGen       total 135168K, used 56228K [0x0000000080000000, 0x0000000088400000, 0x00000000d5580000)
  object space 135168K, 41% used [0x0000000080000000,0x00000000836e9030,0x0000000088400000)
 Metaspace       used 75966K, capacity 79910K, committed 80128K, reserved 1118208K
  class space    used 10727K, capacity 11450K, committed 11520K, reserved 1048576K

Card table byte_map: [0x0000000012950000,0x0000000012d60000] byte_map_base: 0x0000000012550000

Marking Bits: (ParMarkBitMap*) 0x000000005206c720
 Begin Bits: [0x0000000013410000, 0x0000000015410000)
 End Bits:   [0x0000000015410000, 0x0000000017410000)

Polling page: 0x0000000002f70000

CodeCache: size=245760Kb used=29070Kb max_used=29070Kb free=216689Kb
 bounds [0x0000000003590000, 0x0000000005210000, 0x0000000012590000]
 total_blobs=9798 nmethods=8981 adapters=727
 compilation: enabled

Compilation events (10 events):
Event: 12.807 Thread 0x0000000019538800 nmethod 9978 0x00000000051db710 code [0x00000000051db960, 0x00000000051dc1d8]
Event: 12.807 Thread 0x0000000019538800 9987       2       com.android.tools.r8.s.c.d0::a (908 bytes)
Event: 12.811 Thread 0x0000000019538800 nmethod 9987 0x00000000051dca10 code [0x00000000051dd1c0, 0x00000000051e0128]
Event: 12.811 Thread 0x0000000019538800 9988       2       com.android.tools.r8.s.c.u::a (1595 bytes)
Event: 12.817 Thread 0x0000000019538800 nmethod 9988 0x00000000051e4a10 code [0x00000000051e5480, 0x00000000051e9138]
Event: 12.817 Thread 0x0000000019538800 9995       3       com.android.tools.r8.ir.regalloc.h::<init> (82 bytes)
Event: 12.818 Thread 0x0000000019538800 nmethod 9995 0x00000000051ee9d0 code [0x00000000051eeb80, 0x00000000051ef0c8]
Event: 12.818 Thread 0x0000000019538800 9994       1       com.android.tools.r8.t.a.a.a.f.k0::clear (6 bytes)
Event: 12.818 Thread 0x0000000019538800 nmethod 9994 0x00000000051ef350 code [0x00000000051ef4a0, 0x00000000051ef5b0]
Event: 12.818 Thread 0x0000000019538800 9986       2       com.android.tools.r8.ir.optimize.r::a (418 bytes)

GC Heap History (10 events):
Event: 8.153 GC heap before
{Heap before GC invocations=11 (full 2):
 PSYoungGen      total 186880K, used 186864K [0x00000000d5580000, 0x00000000e2180000, 0x0000000100000000)
  eden space 176640K, 100% used [0x00000000d5580000,0x00000000e0200000,0x00000000e0200000)
  from space 10240K, 99% used [0x00000000e1780000,0x00000000e217c190,0x00000000e2180000)
  to   space 13824K, 0% used [0x00000000e0680000,0x00000000e0680000,0x00000000e1400000)
 ParOldGen       total 97280K, used 17342K [0x0000000080000000, 0x0000000085f00000, 0x00000000d5580000)
  object space 97280K, 17% used [0x0000000080000000,0x00000000810efbe0,0x0000000085f00000)
 Metaspace       used 55831K, capacity 58042K, committed 58240K, reserved 1099776K
  class space    used 7767K, capacity 8212K, committed 8320K, reserved 1048576K
Event: 8.182 GC heap after
Heap after GC invocations=11 (full 2):
 PSYoungGen      total 195072K, used 13820K [0x00000000d5580000, 0x00000000e5180000, 0x0000000100000000)
  eden space 181248K, 0% used [0x00000000d5580000,0x00000000d5580000,0x00000000e0680000)
  from space 13824K, 99% used [0x00000000e0680000,0x00000000e13ff310,0x00000000e1400000)
  to   space 21504K, 0% used [0x00000000e3c80000,0x00000000e3c80000,0x00000000e5180000)
 ParOldGen       total 97280K, used 31242K [0x0000000080000000, 0x0000000085f00000, 0x00000000d5580000)
  object space 97280K, 32% used [0x0000000080000000,0x0000000081e828a0,0x0000000085f00000)
 Metaspace       used 55831K, capacity 58042K, committed 58240K, reserved 1099776K
  class space    used 7767K, capacity 8212K, committed 8320K, reserved 1048576K
}
Event: 8.328 GC heap before
{Heap before GC invocations=12 (full 2):
 PSYoungGen      total 195072K, used 29509K [0x00000000d5580000, 0x00000000e5180000, 0x0000000100000000)
  eden space 181248K, 8% used [0x00000000d5580000,0x00000000d64d22e0,0x00000000e0680000)
  from space 13824K, 99% used [0x00000000e0680000,0x00000000e13ff310,0x00000000e1400000)
  to   space 21504K, 0% used [0x00000000e3c80000,0x00000000e3c80000,0x00000000e5180000)
 ParOldGen       total 97280K, used 31242K [0x0000000080000000, 0x0000000085f00000, 0x00000000d5580000)
  object space 97280K, 32% used [0x0000000080000000,0x0000000081e828a0,0x0000000085f00000)
 Metaspace       used 56787K, capacity 59074K, committed 59136K, reserved 1099776K
  class space    used 7931K, capacity 8418K, committed 8448K, reserved 1048576K
Event: 8.352 GC heap after
Heap after GC invocations=12 (full 2):
 PSYoungGen      total 236032K, used 15084K [0x00000000d5580000, 0x00000000e7200000, 0x0000000100000000)
  eden space 214528K, 0% used [0x00000000d5580000,0x00000000d5580000,0x00000000e2700000)
  from space 21504K, 70% used [0x00000000e3c80000,0x00000000e4b3b300,0x00000000e5180000)
  to   space 22016K, 0% used [0x00000000e2700000,0x00000000e2700000,0x00000000e3c80000)
 ParOldGen       total 97280K, used 31242K [0x0000000080000000, 0x0000000085f00000, 0x00000000d5580000)
  object space 97280K, 32% used [0x0000000080000000,0x0000000081e828a0,0x0000000085f00000)
 Metaspace       used 56787K, capacity 59074K, committed 59136K, reserved 1099776K
  class space    used 7931K, capacity 8418K, committed 8448K, reserved 1048576K
}
Event: 8.352 GC heap before
{Heap before GC invocations=13 (full 3):
 PSYoungGen      total 236032K, used 15084K [0x00000000d5580000, 0x00000000e7200000, 0x0000000100000000)
  eden space 214528K, 0% used [0x00000000d5580000,0x00000000d5580000,0x00000000e2700000)
  from space 21504K, 70% used [0x00000000e3c80000,0x00000000e4b3b300,0x00000000e5180000)
  to   space 22016K, 0% used [0x00000000e2700000,0x00000000e2700000,0x00000000e3c80000)
 ParOldGen       total 97280K, used 31242K [0x0000000080000000, 0x0000000085f00000, 0x00000000d5580000)
  object space 97280K, 32% used [0x0000000080000000,0x0000000081e828a0,0x0000000085f00000)
 Metaspace       used 56787K, capacity 59074K, committed 59136K, reserved 1099776K
  class space    used 7931K, capacity 8418K, committed 8448K, reserved 1048576K
Event: 8.550 GC heap after
Heap after GC invocations=13 (full 3):
 PSYoungGen      total 236032K, used 0K [0x00000000d5580000, 0x00000000e7200000, 0x0000000100000000)
  eden space 214528K, 0% used [0x00000000d5580000,0x00000000d5580000,0x00000000e2700000)
  from space 21504K, 0% used [0x00000000e3c80000,0x00000000e3c80000,0x00000000e5180000)
  to   space 22016K, 0% used [0x00000000e2700000,0x00000000e2700000,0x00000000e3c80000)
 ParOldGen       total 135168K, used 30447K [0x0000000080000000, 0x0000000088400000, 0x00000000d5580000)
  object space 135168K, 22% used [0x0000000080000000,0x0000000081dbbf88,0x0000000088400000)
 Metaspace       used 56782K, capacity 59056K, committed 59136K, reserved 1099776K
  class space    used 7929K, capacity 8415K, committed 8448K, reserved 1048576K
}
Event: 10.839 GC heap before
{Heap before GC invocations=14 (full 3):
 PSYoungGen      total 236032K, used 214528K [0x00000000d5580000, 0x00000000e7200000, 0x0000000100000000)
  eden space 214528K, 100% used [0x00000000d5580000,0x00000000e2700000,0x00000000e2700000)
  from space 21504K, 0% used [0x00000000e3c80000,0x00000000e3c80000,0x00000000e5180000)
  to   space 22016K, 0% used [0x00000000e2700000,0x00000000e2700000,0x00000000e3c80000)
 ParOldGen       total 135168K, used 30447K [0x0000000080000000, 0x0000000088400000, 0x00000000d5580000)
  object space 135168K, 22% used [0x0000000080000000,0x0000000081dbbf88,0x0000000088400000)
 Metaspace       used 66714K, capacity 69744K, committed 69888K, reserved 1110016K
  class space    used 9372K, capacity 9951K, committed 9984K, reserved 1048576K
Event: 10.862 GC heap after
Heap after GC invocations=14 (full 3):
 PSYoungGen      total 236544K, used 20253K [0x00000000d5580000, 0x00000000e9300000, 0x0000000100000000)
  eden space 214528K, 0% used [0x00000000d5580000,0x00000000d5580000,0x00000000e2700000)
  from space 22016K, 91% used [0x00000000e2700000,0x00000000e3ac76f0,0x00000000e3c80000)
  to   space 24576K, 0% used [0x00000000e7b00000,0x00000000e7b00000,0x00000000e9300000)
 ParOldGen       total 135168K, used 30455K [0x0000000080000000, 0x0000000088400000, 0x00000000d5580000)
  object space 135168K, 22% used [0x0000000080000000,0x0000000081dbdf88,0x0000000088400000)
 Metaspace       used 66714K, capacity 69744K, committed 69888K, reserved 1110016K
  class space    used 9372K, capacity 9951K, committed 9984K, reserved 1048576K
}
Event: 12.443 GC heap before
{Heap before GC invocations=15 (full 3):
 PSYoungGen      total 236544K, used 234781K [0x00000000d5580000, 0x00000000e9300000, 0x0000000100000000)
  eden space 214528K, 100% used [0x00000000d5580000,0x00000000e2700000,0x00000000e2700000)
  from space 22016K, 91% used [0x00000000e2700000,0x00000000e3ac76f0,0x00000000e3c80000)
  to   space 24576K, 0% used [0x00000000e7b00000,0x00000000e7b00000,0x00000000e9300000)
 ParOldGen       total 135168K, used 30455K [0x0000000080000000, 0x0000000088400000, 0x00000000d5580000)
  object space 135168K, 22% used [0x0000000080000000,0x0000000081dbdf88,0x0000000088400000)
 Metaspace       used 75182K, capacity 79082K, committed 79360K, reserved 1118208K
  class space    used 10663K, capacity 11402K, committed 11520K, reserved 1048576K
Event: 12.502 GC heap after
Heap after GC invocations=15 (full 3):
 PSYoungGen      total 287744K, used 24570K [0x00000000d5580000, 0x00000000eab80000, 0x0000000100000000)
  eden space 263168K, 0% used [0x00000000d5580000,0x00000000d5580000,0x00000000e5680000)
  from space 24576K, 99% used [0x00000000e7b00000,0x00000000e92fe900,0x00000000e9300000)
  to   space 37376K, 0% used [0x00000000e5680000,0x00000000e5680000,0x00000000e7b00000)
 ParOldGen       total 135168K, used 56228K [0x0000000080000000, 0x0000000088400000, 0x00000000d5580000)
  object space 135168K, 41% used [0x0000000080000000,0x00000000836e9030,0x0000000088400000)
 Metaspace       used 75182K, capacity 79082K, committed 79360K, reserved 1118208K
  class space    used 10663K, capacity 11402K, committed 11520K, reserved 1048576K
}

Deoptimization events (10 events):
Event: 12.521 Thread 0x000000001be2f000 Uncommon trap: reason=bimorphic action=maybe_recompile pc=0x0000000004f4fc54 method=com.android.tools.r8.s.b.s1.a(Lcom/android/tools/r8/s/a/p/u;)Lcom/android/tools/r8/s/b/s1; @ 12
Event: 12.583 Thread 0x000000001be2f000 Uncommon trap: reason=unstable_if action=reinterpret pc=0x0000000004fe9790 method=com.android.tools.r8.ir.regalloc.b.r()Z @ 9
Event: 12.586 Thread 0x000000001be32000 Uncommon trap: reason=unstable_if action=reinterpret pc=0x0000000004f7bd88 method=com.android.tools.r8.ir.conversion.o.b(Lcom/android/tools/r8/p/n/A;)Z @ 25
Event: 12.679 Thread 0x000000001be30800 Uncommon trap: reason=unstable_if action=reinterpret pc=0x00000000041a2504 method=java.util.HashMap.getNode(ILjava/lang/Object;)Ljava/util/HashMap$Node; @ 84
Event: 12.692 Thread 0x000000001be32000 Uncommon trap: reason=unstable_if action=reinterpret pc=0x0000000004d26300 method=com.android.tools.r8.graph.g0.computeEquals(Ljava/lang/Object;)Z @ 37
Event: 12.694 Thread 0x000000001be30800 Uncommon trap: reason=speculate_class_check action=maybe_recompile pc=0x00000000050fc728 method=com.android.tools.r8.q.a.a.a.v.equivalent(Ljava/lang/Object;Ljava/lang/Object;)Z @ 21
Event: 12.694 Thread 0x000000001be30800 Uncommon trap: reason=speculate_class_check action=maybe_recompile pc=0x00000000050fc728 method=com.android.tools.r8.q.a.a.a.v.equivalent(Ljava/lang/Object;Ljava/lang/Object;)Z @ 21
Event: 12.694 Thread 0x000000001be30800 Uncommon trap: reason=speculate_class_check action=maybe_recompile pc=0x00000000050fc728 method=com.android.tools.r8.q.a.a.a.v.equivalent(Ljava/lang/Object;Ljava/lang/Object;)Z @ 21
Event: 12.694 Thread 0x000000001be30800 Uncommon trap: reason=speculate_class_check action=maybe_recompile pc=0x00000000050fc728 method=com.android.tools.r8.q.a.a.a.v.equivalent(Ljava/lang/Object;Ljava/lang/Object;)Z @ 21
Event: 12.787 Thread 0x000000001be30800 Uncommon trap: reason=unstable_if action=reinterpret pc=0x0000000005112544 method=com.android.tools.r8.ir.regalloc.b.compareTo(Ljava/lang/Object;)I @ 87

Internal exceptions (10 events):
Event: 11.226 Thread 0x000000001be2f000 Implicit null exception at 0x0000000004af46fd to 0x0000000004af4b6d
Event: 11.226 Thread 0x000000001be30800 Exception <a 'java/lang/NoSuchMethodError': java.lang.Object.lambda$static$0(Ljava/lang/String;)Z> (0x00000000d827bec0) thrown at [C:\re\workspace\8-2-build-windows-amd64-cygwin\jdk8u131\8869\hotspot\src\share\vm\interpreter\linkResolver.cpp, line 582]
Event: 11.271 Thread 0x000000001be30800 Exception <a 'sun/nio/fs/WindowsException'> (0x00000000d8da0058) thrown at [C:\re\workspace\8-2-build-windows-amd64-cygwin\jdk8u131\8869\hotspot\src\share\vm\prims\jni.cpp, line 709]
Event: 11.292 Thread 0x000000001be2f000 Exception <a 'sun/nio/fs/WindowsException'> (0x00000000d9c5cba8) thrown at [C:\re\workspace\8-2-build-windows-amd64-cygwin\jdk8u131\8869\hotspot\src\share\vm\prims\jni.cpp, line 709]
Event: 11.312 Thread 0x000000001be32000 Exception <a 'sun/nio/fs/WindowsException'> (0x00000000da3e8060) thrown at [C:\re\workspace\8-2-build-windows-amd64-cygwin\jdk8u131\8869\hotspot\src\share\vm\prims\jni.cpp, line 709]
Event: 11.499 Thread 0x000000001be30800 Exception <a 'java/lang/IncompatibleClassChangeError': Found class java.lang.Object, but interface was expected> (0x00000000db21b090) thrown at [C:\re\workspace\8-2-build-windows-amd64-cygwin\jdk8u131\8869\hotspot\src\share\vm\interpreter\linkResolver.cpp
Event: 11.944 Thread 0x000000001be30800 Exception <a 'java/lang/NoSuchMethodError': java.lang.Object.b(Lcom/android/tools/r8/graph/p1$b;)Lcom/android/tools/r8/graph/p1$b;> (0x00000000e038ec28) thrown at [C:\re\workspace\8-2-build-windows-amd64-cygwin\jdk8u131\8869\hotspot\src\share\vm\interpret
Event: 11.985 Thread 0x000000001be32000 Exception <a 'java/lang/NoSuchMethodError': java.lang.Object.lambda$comparingInt$7b0bb60$1(Ljava/util/function/ToIntFunction;Ljava/lang/Object;Ljava/lang/Object;)I> (0x00000000e0569fa8) thrown at [C:\re\workspace\8-2-build-windows-amd64-cygwin\jdk8u131\88
Event: 11.986 Thread 0x000000001be30800 Exception <a 'java/lang/NoSuchMethodError': java.lang.Object.lambda$comparingInt$7b0bb60$1(Ljava/util/function/ToIntFunction;Ljava/lang/Object;Ljava/lang/Object;)I> (0x00000000e0605c50) thrown at [C:\re\workspace\8-2-build-windows-amd64-cygwin\jdk8u131\88
Event: 11.989 Thread 0x000000001be30800 Exception <a 'java/lang/NoSuchMethodError': java.lang.Object.lambda$maxBy$1(Ljava/util/Comparator;Ljava/lang/Object;Ljava/lang/Object;)Ljava/lang/Object;> (0x00000000e0609f58) thrown at [C:\re\workspace\8-2-build-windows-amd64-cygwin\jdk8u131\8869\hotspot

Events (10 events):
Event: 12.802 Thread 0x000000001be30800 DEOPT PACKING pc=0x0000000004e1298f sp=0x00000000230590d0
Event: 12.802 Thread 0x000000001be30800 DEOPT UNPACKING pc=0x00000000035d787f sp=0x0000000023058ec0 mode 0
Event: 12.802 Thread 0x000000001be30800 DEOPT PACKING pc=0x0000000004e12952 sp=0x0000000023059b00
Event: 12.802 Thread 0x000000001be30800 DEOPT UNPACKING pc=0x00000000035d787f sp=0x00000000230598e0 mode 0
Event: 12.803 Thread 0x000000001be30800 DEOPT PACKING pc=0x0000000004e12952 sp=0x0000000023059b00
Event: 12.803 Thread 0x000000001be30800 DEOPT UNPACKING pc=0x00000000035d787f sp=0x00000000230598e0 mode 0
Event: 12.814 Thread 0x000000001be30800 DEOPT PACKING pc=0x0000000004e915fc sp=0x0000000023059bd0
Event: 12.814 Thread 0x000000001be30800 DEOPT UNPACKING pc=0x00000000035d787f sp=0x0000000023059928 mode 0
Event: 12.815 loading class com/android/tools/r8/t/a/a/a/f/z0
Event: 12.815 loading class com/android/tools/r8/t/a/a/a/f/z0 done


Dynamic libraries:
0x00007ff6aef30000 - 0x00007ff6aef67000 	C:\Program Files\Java\jdk1.8.0_131\bin\java.exe
0x00007ffaa0070000 - 0x00007ffaa0265000 	C:\WINDOWS\SYSTEM32\ntdll.dll
0x00007ffa9fb00000 - 0x00007ffa9fbbd000 	C:\WINDOWS\System32\KERNEL32.DLL
0x00007ffa9dae0000 - 0x00007ffa9dda9000 	C:\WINDOWS\System32\KERNELBASE.dll
0x00007ffa9fd10000 - 0x00007ffa9fdbc000 	C:\WINDOWS\System32\ADVAPI32.dll
0x00007ffa9ff90000 - 0x00007ffaa002e000 	C:\WINDOWS\System32\msvcrt.dll
0x00007ffa9fef0000 - 0x00007ffa9ff8c000 	C:\WINDOWS\System32\sechost.dll
0x00007ffa9e930000 - 0x00007ffa9ea5b000 	C:\WINDOWS\System32\RPCRT4.dll
0x00007ffa9f960000 - 0x00007ffa9fb00000 	C:\WINDOWS\System32\USER32.dll
0x00007ffa9d910000 - 0x00007ffa9d932000 	C:\WINDOWS\System32\win32u.dll
0x00007ffa9fce0000 - 0x00007ffa9fd0a000 	C:\WINDOWS\System32\GDI32.dll
0x00007ffa9d800000 - 0x00007ffa9d90b000 	C:\WINDOWS\System32\gdi32full.dll
0x00007ffa9da40000 - 0x00007ffa9dadd000 	C:\WINDOWS\System32\msvcp_win.dll
0x00007ffa9d940000 - 0x00007ffa9da40000 	C:\WINDOWS\System32\ucrtbase.dll
0x00007ffa88460000 - 0x00007ffa886fa000 	C:\WINDOWS\WinSxS\amd64_microsoft.windows.common-controls_6595b64144ccf1df_6.0.19041.844_none_ca00b6081b84eb1d\COMCTL32.dll
0x00007ffa9ea60000 - 0x00007ffa9ea90000 	C:\WINDOWS\System32\IMM32.DLL
0x0000000053210000 - 0x00000000532e2000 	C:\Program Files\Java\jdk1.8.0_131\jre\bin\msvcr100.dll
0x0000000051850000 - 0x00000000520ec000 	C:\Program Files\Java\jdk1.8.0_131\jre\bin\server\jvm.dll
0x00007ffa9ea90000 - 0x00007ffa9ea98000 	C:\WINDOWS\System32\PSAPI.DLL
0x00007ffa8cb90000 - 0x00007ffa8cbb7000 	C:\WINDOWS\SYSTEM32\WINMM.dll
0x00007ffa86f00000 - 0x00007ffa86f09000 	C:\WINDOWS\SYSTEM32\WSOCK32.dll
0x00007ffa8d7d0000 - 0x00007ffa8d7da000 	C:\WINDOWS\SYSTEM32\VERSION.dll
0x00007ffa9f6d0000 - 0x00007ffa9f73b000 	C:\WINDOWS\System32\WS2_32.dll
0x0000000053490000 - 0x000000005349f000 	C:\Program Files\Java\jdk1.8.0_131\jre\bin\verify.dll
0x0000000053460000 - 0x0000000053489000 	C:\Program Files\Java\jdk1.8.0_131\jre\bin\java.dll
0x0000000053440000 - 0x0000000053456000 	C:\Program Files\Java\jdk1.8.0_131\jre\bin\zip.dll
0x00007ffa9e160000 - 0x00007ffa9e8a2000 	C:\WINDOWS\System32\SHELL32.dll
0x00007ffa9b4c0000 - 0x00007ffa9bc50000 	C:\WINDOWS\SYSTEM32\windows.storage.dll
0x00007ffa9eaa0000 - 0x00007ffa9edf5000 	C:\WINDOWS\System32\combase.dll
0x00007ffa9d220000 - 0x00007ffa9d24c000 	C:\WINDOWS\SYSTEM32\Wldp.dll
0x00007ffa9f470000 - 0x00007ffa9f51e000 	C:\WINDOWS\System32\SHCORE.dll
0x00007ffa9e8b0000 - 0x00007ffa9e905000 	C:\WINDOWS\System32\shlwapi.dll
0x00007ffa9d6f0000 - 0x00007ffa9d70f000 	C:\WINDOWS\SYSTEM32\profapi.dll
0x0000000053420000 - 0x000000005343a000 	C:\Program Files\Java\jdk1.8.0_131\jre\bin\net.dll
0x00007ffa9cfa0000 - 0x00007ffa9d00a000 	C:\WINDOWS\system32\mswsock.dll
0x0000000053400000 - 0x0000000053411000 	C:\Program Files\Java\jdk1.8.0_131\jre\bin\nio.dll
0x00007ffa94f10000 - 0x00007ffa94f37000 	C:\Users\zzc01\.gradle\native\f6784746aeab05261644944871eae4fe03e0ef1612fff0a4a95f87b438bc6780\windows-amd64\native-platform.dll
0x0000000053200000 - 0x000000005320d000 	C:\Program Files\Java\jdk1.8.0_131\jre\bin\management.dll
0x00007ffa9d180000 - 0x00007ffa9d198000 	C:\WINDOWS\SYSTEM32\CRYPTSP.dll
0x00007ffa9c830000 - 0x00007ffa9c864000 	C:\WINDOWS\system32\rsaenh.dll
0x00007ffa9de30000 - 0x00007ffa9de57000 	C:\WINDOWS\System32\bcrypt.dll
0x00007ffa9d670000 - 0x00007ffa9d69e000 	C:\WINDOWS\SYSTEM32\USERENV.dll
0x00007ffa9ddb0000 - 0x00007ffa9de30000 	C:\WINDOWS\System32\bcryptprimitives.dll
0x00007ffa9d170000 - 0x00007ffa9d17c000 	C:\WINDOWS\SYSTEM32\CRYPTBASE.dll
0x00007ffa9cc10000 - 0x00007ffa9cc4b000 	C:\WINDOWS\SYSTEM32\IPHLPAPI.DLL
0x00007ffa9e150000 - 0x00007ffa9e158000 	C:\WINDOWS\System32\NSI.dll
0x00007ffa9afb0000 - 0x00007ffa9afc7000 	C:\WINDOWS\SYSTEM32\dhcpcsvc6.DLL
0x00007ffa9af90000 - 0x00007ffa9afad000 	C:\WINDOWS\SYSTEM32\dhcpcsvc.DLL
0x00007ffa9cc60000 - 0x00007ffa9cd2b000 	C:\WINDOWS\SYSTEM32\DNSAPI.dll
0x00007ffa92250000 - 0x00007ffa9225b000 	C:\WINDOWS\SYSTEM32\WINNSI.DLL

VM Arguments:
jvm_args: -Xmx2048m -Dfile.encoding=UTF-8 -Duser.country=CN -Duser.language=zh -Duser.variant 
java_command: org.gradle.launcher.daemon.bootstrap.GradleDaemon 6.5
java_class_path (initial): C:\Users\zzc01\.gradle\wrapper\dists\gradle-6.5-bin\6nifqtx7604sqp1q6g8wikw7p\gradle-6.5\lib\gradle-launcher-6.5.jar
Launcher Type: SUN_STANDARD

Environment Variables:
JAVA_HOME=C:\Program Files\Java\jdk1.8.0_131
PATH=D:\VMware\bin\;D:\Program Files (x86)\Anaconda;D:\Program Files (x86)\Anaconda\Library\mingw-w64\bin;D:\Program Files (x86)\Anaconda\Library\usr\bin;D:\Program Files (x86)\Anaconda\Library\bin;D:\Program Files (x86)\Anaconda\Scripts;C:\ProgramData\Oracle\Java\javapath;C:\WINDOWS\system32;C:\WINDOWS;C:\WINDOWS\System32\Wbem;C:\WINDOWS\System32\WindowsPowerShell\v1.0\;C:\Program Files\Java\jdk1.8.0_131\bin;D:\Dart\Dart\dart-sdk\bin;C:\Program Files\Microsoft SQL Server\130\Tools\Binn\;D:\Dart\mingw64\bin;D:\Flutter\flutter\bin;D:\Maven\apache-maven-3.6.3\bin;D:\Node.js\;D:\Git\Git\cmd;D:\Git\Git\usr\bin;D:\Program Files (x86)\Xshell\;C:\WINDOWS\System32\OpenSSH\;C:\Program Files\Docker\Docker\resources\bin;C:\ProgramData\DockerDesktop\version-bin;D:\python\Scripts\;D:\python\;C:\Users\zzc01\AppData\Local\Microsoft\WindowsApps;D:\VSCode\Microsoft VS Code\bin;D:\Jetbrains\IntelliJ IDEA 2019.1\bin;D:\Program Files (x86)\scrcpy;C:\Users\zzc01\AppData\Roaming\npm;D:\Jetbrains\WebStorm 2020.2.3\bin;;D:\Jetbrains\PyCharm 2020.2.2\bin;;D:\Kotlin\kotlinc\bin;C:\Users\zzc01\AppData\Local\GitHubDesktop\bin;D:\Jetbrains\IntelliJ IDEA 2020.2.2\bin;;C:\Users\zzc01\AppData\Local\Microsoft\WindowsApps;
USERNAME=zzc
OS=Windows_NT
PROCESSOR_IDENTIFIER=Intel64 Family 6 Model 158 Stepping 9, GenuineIntel



---------------  S Y S T E M  ---------------

OS: Windows 10.0 , 64 bit Build 19041 (10.0.19041.804)

CPU:total 4 (initial active 4) (4 cores per cpu, 1 threads per core) family 6 model 158 stepping 9, cmov, cx8, fxsr, mmx, sse, sse2, sse3, ssse3, sse4.1, sse4.2, popcnt, avx, avx2, aes, clmul, erms, 3dnowpref, lzcnt, tsc, tscinvbit, bmi1, bmi2, adx

Memory: 4k page, physical 8271080k(411320k free), swap 23657664k(5152k free)

vm_info: Java HotSpot(TM) 64-Bit Server VM (25.131-b11) for windows-amd64 JRE (1.8.0_131-b11), built on Mar 15 2017 01:23:53 by "java_re" with MS VC++ 10.0 (VS2010)

time: Mon Apr 05 20:58:57 2021
elapsed time: 12 seconds (0d 0h 0m 12s)

